<?xml version="1.0" encoding="UTF-8"?>
<testsuite xmlns:xsi="http://www.w3.org/2001/XMLSchema-instance" xsi:noNamespaceSchemaLocation="https://maven.apache.org/surefire/maven-surefire-plugin/xsd/surefire-test-report-3.0.xsd" version="3.0" name="TestSuite" time="30.424" tests="1" errors="0" skipped="0" failures="1">
  <properties>
[...]
</properties>
  <testcase name="loginTest" classname="com.qa.ytmt.testcases.TC_LoginPageTest_001" time="10.867">
    <failure message="Expected condition failed: waiting for text (&apos;Tenjin Test Manager&apos;) to be present in element Proxy element for: DefaultElementLocator &apos;By.xpath: //nav[@id=&apos;sidebar&apos;]//div[1]/div[1]/a/span&apos; (tried for 10 second(s) with 500 milliseconds interval)" type="org.openqa.selenium.TimeoutException"><![CDATA[org.openqa.selenium.TimeoutException: Expected condition failed: waiting for text ('Tenjin Test Manager') to be present in element Proxy element for: DefaultElementLocator 'By.xpath: //nav[@id='sidebar']//div[1]/div[1]/a/span' (tried for 10 second(s) with 500 milliseconds interval)
	at com.qa.ytmt.testcases.TC_LoginPageTest_001.loginTest(TC_LoginPageTest_001.java:19)
Caused by: org.openqa.selenium.NoSuchElementException: 
no such element: Unable to locate element: {"method":"xpath","selector":"//nav[@id='sidebar']//div[1]/div[1]/a/span"}
  (Session info: chrome=86.0.4240.111)
For documentation on this error, please visit: https://www.seleniumhq.org/exceptions/no_such_element.html
Build info: version: '3.141.59', revision: 'e82be7d358', time: '2018-11-14T08:17:03'
System info: host: 'YCSLAP0240', ip: '192.168.8.13', os.name: 'Windows 10', os.arch: 'amd64', os.version: '10.0', java.version: '1.8.0_231'
Driver info: org.openqa.selenium.chrome.ChromeDriver
Capabilities {acceptInsecureCerts: false, browserName: chrome, browserVersion: 86.0.4240.111, chrome: {chromedriverVersion: 85.0.4183.87 (cd6713ebf92fa..., userDataDir: C:\Users\VINAYA~1.YCS\AppDa...}, goog:chromeOptions: {debuggerAddress: localhost:24972}, javascriptEnabled: true, networkConnectionEnabled: false, pageLoadStrategy: normal, platform: WINDOWS, platformName: WINDOWS, proxy: Proxy(), setWindowRect: true, strictFileInteractability: false, timeouts: {implicit: 0, pageLoad: 300000, script: 30000}, unhandledPromptBehavior: dismiss and notify, webauthn:virtualAuthenticators: true}
Session ID: ab5ae77668abe2aa6e415f6fdd88a642
*** Element info: {Using=xpath, value=//nav[@id='sidebar']//div[1]/div[1]/a/span}
	at com.qa.ytmt.testcases.TC_LoginPageTest_001.loginTest(TC_LoginPageTest_001.java:19)
]]></failure>
    <system-out><![CDATA[ INFO [main] (TC_LoginPageTest_001.java:14)- email entered
 INFO [main] (TC_LoginPageTest_001.java:16)- password entered
]]></system-out>
    <system-err><![CDATA[Starting ChromeDriver 85.0.4183.87 (cd6713ebf92fa1cacc0f1a598df280093af0c5d7-refs/branch-heads/4183@{#1689}) on port 43970
Only local connections are allowed.
Please see https://chromedriver.chromium.org/security-considerations for suggestions on keeping ChromeDriver safe.
ChromeDriver was started successfully.
log4j:WARN No appenders could be found for logger (org.apache.http.client.protocol.RequestAddCookies).
log4j:WARN Please initialize the log4j system properly.
log4j:WARN See http://logging.apache.org/log4j/1.2/faq.html#noconfig for more info.
[1603784488.988][WARNING]: This version of ChromeDriver has not been tested with Chrome version 86.
Oct 27, 2020 1:11:31 PM org.openqa.selenium.remote.ProtocolHandshake createSession
INFO: Detected dialect: W3C
]]></system-err>
  </testcase>
</testsuite>